{"C:\\Users\\mihiranw\\Desktop\\ReactTask\\react-task\\src\\App.jsx": {"path":"C:\\Users\\mihiranw\\Desktop\\ReactTask\\react-task\\src\\App.jsx","all":false,"statementMap":{"0":{"start":{"line":1,"column":0},"end":{"line":1,"column":18}},"1":{"start":{"line":2,"column":0},"end":{"line":2,"column":36}},"3":{"start":{"line":4,"column":0},"end":{"line":4,"column":16}},"4":{"start":{"line":5,"column":0},"end":{"line":5,"column":10}},"5":{"start":{"line":6,"column":0},"end":{"line":6,"column":7}},"6":{"start":{"line":7,"column":0},"end":{"line":7,"column":13}},"7":{"start":{"line":8,"column":0},"end":{"line":8,"column":7}},"9":{"start":{"line":10,"column":0},"end":{"line":10,"column":1}},"11":{"start":{"line":12,"column":0},"end":{"line":12,"column":18}}},"s":{"0":1,"1":1,"3":1,"4":1,"5":1,"6":1,"7":1,"9":1,"11":1},"branchMap":{"0":{"type":"branch","line":4,"loc":{"start":{"line":4,"column":0},"end":{"line":10,"column":1}},"locations":[{"start":{"line":4,"column":0},"end":{"line":10,"column":1}}]}},"b":{"0":[1]},"fnMap":{"0":{"name":"App","decl":{"start":{"line":4,"column":0},"end":{"line":10,"column":1}},"loc":{"start":{"line":4,"column":0},"end":{"line":10,"column":1}},"line":4}},"f":{"0":1}}
,"C:\\Users\\mihiranw\\Desktop\\ReactTask\\react-task\\src\\main.jsx": {"path":"C:\\Users\\mihiranw\\Desktop\\ReactTask\\react-task\\src\\main.jsx","all":true,"statementMap":{"0":{"start":{"line":1,"column":0},"end":{"line":1,"column":34}},"1":{"start":{"line":2,"column":0},"end":{"line":2,"column":45}},"2":{"start":{"line":3,"column":0},"end":{"line":3,"column":20}},"3":{"start":{"line":4,"column":0},"end":{"line":4,"column":27}},"5":{"start":{"line":6,"column":0},"end":{"line":6,"column":51}},"6":{"start":{"line":7,"column":0},"end":{"line":7,"column":14}},"7":{"start":{"line":8,"column":0},"end":{"line":8,"column":11}},"8":{"start":{"line":9,"column":0},"end":{"line":9,"column":16}},"9":{"start":{"line":10,"column":0},"end":{"line":10,"column":1}}},"s":{"0":0,"1":0,"2":0,"3":0,"5":0,"6":0,"7":0,"8":0,"9":0},"branchMap":{"0":{"type":"branch","line":1,"loc":{"start":{"line":1,"column":202},"end":{"line":10,"column":-147}},"locations":[{"start":{"line":1,"column":202},"end":{"line":10,"column":-147}}]}},"b":{"0":[0]},"fnMap":{"0":{"name":"(empty-report)","decl":{"start":{"line":1,"column":202},"end":{"line":10,"column":-147}},"loc":{"start":{"line":1,"column":202},"end":{"line":10,"column":-147}},"line":1}},"f":{"0":0}}
,"C:\\Users\\mihiranw\\Desktop\\ReactTask\\react-task\\src\\component\\checkmarkButton\\CheckmarkButton.jsx": {"path":"C:\\Users\\mihiranw\\Desktop\\ReactTask\\react-task\\src\\component\\checkmarkButton\\CheckmarkButton.jsx","all":false,"statementMap":{"0":{"start":{"line":1,"column":0},"end":{"line":1,"column":32}},"1":{"start":{"line":2,"column":0},"end":{"line":2,"column":11}},"2":{"start":{"line":3,"column":0},"end":{"line":3,"column":15}},"3":{"start":{"line":4,"column":0},"end":{"line":4,"column":33}},"4":{"start":{"line":5,"column":0},"end":{"line":5,"column":62}},"5":{"start":{"line":6,"column":0},"end":{"line":6,"column":25}},"6":{"start":{"line":7,"column":0},"end":{"line":7,"column":9}},"8":{"start":{"line":9,"column":0},"end":{"line":9,"column":17}},"10":{"start":{"line":11,"column":0},"end":{"line":11,"column":1}},"12":{"start":{"line":13,"column":0},"end":{"line":13,"column":30}}},"s":{"0":23,"1":23,"2":23,"3":23,"4":23,"5":23,"6":23,"8":23,"10":23,"12":1},"branchMap":{"0":{"type":"branch","line":1,"loc":{"start":{"line":1,"column":0},"end":{"line":11,"column":1}},"locations":[{"start":{"line":1,"column":0},"end":{"line":11,"column":1}}]},"1":{"type":"branch","line":5,"loc":{"start":{"line":5,"column":21},"end":{"line":5,"column":62}},"locations":[{"start":{"line":5,"column":21},"end":{"line":5,"column":62}}]}},"b":{"0":[23],"1":[2]},"fnMap":{"0":{"name":"CheckmarkButton","decl":{"start":{"line":1,"column":0},"end":{"line":11,"column":1}},"loc":{"start":{"line":1,"column":0},"end":{"line":11,"column":1}},"line":1},"1":{"name":"onClick","decl":{"start":{"line":5,"column":21},"end":{"line":5,"column":62}},"loc":{"start":{"line":5,"column":21},"end":{"line":5,"column":62}},"line":5}},"f":{"0":23,"1":2}}
,"C:\\Users\\mihiranw\\Desktop\\ReactTask\\react-task\\src\\component\\dateComponent\\DateComponenet.jsx": {"path":"C:\\Users\\mihiranw\\Desktop\\ReactTask\\react-task\\src\\component\\dateComponent\\DateComponenet.jsx","all":false,"statementMap":{"0":{"start":{"line":1,"column":0},"end":{"line":1,"column":25}},"1":{"start":{"line":2,"column":0},"end":{"line":2,"column":31}},"2":{"start":{"line":3,"column":0},"end":{"line":3,"column":89}},"5":{"start":{"line":6,"column":0},"end":{"line":6,"column":11}},"6":{"start":{"line":7,"column":0},"end":{"line":7,"column":30}},"7":{"start":{"line":8,"column":0},"end":{"line":8,"column":18}},"8":{"start":{"line":9,"column":0},"end":{"line":9,"column":14}},"10":{"start":{"line":11,"column":0},"end":{"line":11,"column":1}},"11":{"start":{"line":12,"column":0},"end":{"line":12,"column":29}}},"s":{"0":1,"1":1,"2":1,"5":1,"6":1,"7":1,"8":1,"10":1,"11":1},"branchMap":{"0":{"type":"branch","line":1,"loc":{"start":{"line":1,"column":0},"end":{"line":11,"column":1}},"locations":[{"start":{"line":1,"column":0},"end":{"line":11,"column":1}}]}},"b":{"0":[1]},"fnMap":{"0":{"name":"DateComponent","decl":{"start":{"line":1,"column":0},"end":{"line":11,"column":1}},"loc":{"start":{"line":1,"column":0},"end":{"line":11,"column":1}},"line":1}},"f":{"0":1}}
,"C:\\Users\\mihiranw\\Desktop\\ReactTask\\react-task\\src\\component\\footer\\Footer.jsx": {"path":"C:\\Users\\mihiranw\\Desktop\\ReactTask\\react-task\\src\\component\\footer\\Footer.jsx","all":false,"statementMap":{"0":{"start":{"line":1,"column":0},"end":{"line":1,"column":18}},"1":{"start":{"line":2,"column":0},"end":{"line":2,"column":42}},"2":{"start":{"line":3,"column":0},"end":{"line":3,"column":11}},"3":{"start":{"line":4,"column":0},"end":{"line":4,"column":10}},"4":{"start":{"line":5,"column":0},"end":{"line":5,"column":20}},"5":{"start":{"line":6,"column":0},"end":{"line":6,"column":45}},"6":{"start":{"line":7,"column":0},"end":{"line":7,"column":21}},"7":{"start":{"line":8,"column":0},"end":{"line":8,"column":11}},"9":{"start":{"line":10,"column":0},"end":{"line":10,"column":1}},"11":{"start":{"line":12,"column":0},"end":{"line":12,"column":22}}},"s":{"0":5,"1":5,"2":5,"3":5,"4":5,"5":5,"6":5,"7":5,"9":5,"11":1},"branchMap":{"0":{"type":"branch","line":1,"loc":{"start":{"line":1,"column":0},"end":{"line":10,"column":1}},"locations":[{"start":{"line":1,"column":0},"end":{"line":10,"column":1}}]}},"b":{"0":[5]},"fnMap":{"0":{"name":"Footer","decl":{"start":{"line":1,"column":0},"end":{"line":10,"column":1}},"loc":{"start":{"line":1,"column":0},"end":{"line":10,"column":1}},"line":1}},"f":{"0":5}}
,"C:\\Users\\mihiranw\\Desktop\\ReactTask\\react-task\\src\\component\\noteButton\\NoteButton.jsx": {"path":"C:\\Users\\mihiranw\\Desktop\\ReactTask\\react-task\\src\\component\\noteButton\\NoteButton.jsx","all":false,"statementMap":{"0":{"start":{"line":1,"column":0},"end":{"line":1,"column":32}},"2":{"start":{"line":3,"column":0},"end":{"line":3,"column":22}},"3":{"start":{"line":4,"column":0},"end":{"line":4,"column":44}},"4":{"start":{"line":5,"column":0},"end":{"line":5,"column":41}},"6":{"start":{"line":7,"column":0},"end":{"line":7,"column":32}},"7":{"start":{"line":8,"column":0},"end":{"line":8,"column":26}},"8":{"start":{"line":9,"column":0},"end":{"line":9,"column":5}},"10":{"start":{"line":11,"column":0},"end":{"line":11,"column":41}},"11":{"start":{"line":12,"column":0},"end":{"line":12,"column":30}},"12":{"start":{"line":13,"column":0},"end":{"line":13,"column":40}},"13":{"start":{"line":14,"column":0},"end":{"line":14,"column":9}},"14":{"start":{"line":15,"column":0},"end":{"line":15,"column":6}},"16":{"start":{"line":17,"column":0},"end":{"line":17,"column":7}},"17":{"start":{"line":18,"column":0},"end":{"line":18,"column":9}},"18":{"start":{"line":19,"column":0},"end":{"line":19,"column":16}},"19":{"start":{"line":20,"column":0},"end":{"line":20,"column":35}},"20":{"start":{"line":21,"column":0},"end":{"line":21,"column":27}},"21":{"start":{"line":22,"column":0},"end":{"line":22,"column":35}},"22":{"start":{"line":23,"column":0},"end":{"line":23,"column":9}},"24":{"start":{"line":25,"column":0},"end":{"line":25,"column":17}},"26":{"start":{"line":27,"column":0},"end":{"line":27,"column":18}},"27":{"start":{"line":28,"column":0},"end":{"line":28,"column":34}},"28":{"start":{"line":29,"column":0},"end":{"line":29,"column":48}},"29":{"start":{"line":30,"column":0},"end":{"line":30,"column":41}},"30":{"start":{"line":31,"column":0},"end":{"line":31,"column":25}},"31":{"start":{"line":32,"column":0},"end":{"line":32,"column":25}},"32":{"start":{"line":33,"column":0},"end":{"line":33,"column":45}},"33":{"start":{"line":34,"column":0},"end":{"line":34,"column":32}},"34":{"start":{"line":35,"column":0},"end":{"line":35,"column":61}},"35":{"start":{"line":36,"column":0},"end":{"line":36,"column":57}},"36":{"start":{"line":37,"column":0},"end":{"line":37,"column":45}},"37":{"start":{"line":38,"column":0},"end":{"line":38,"column":18}},"38":{"start":{"line":39,"column":0},"end":{"line":39,"column":18}},"40":{"start":{"line":41,"column":0},"end":{"line":41,"column":10}},"43":{"start":{"line":44,"column":0},"end":{"line":44,"column":1}},"44":{"start":{"line":45,"column":0},"end":{"line":45,"column":25}}},"s":{"0":1,"2":30,"3":30,"4":30,"6":30,"7":4,"8":4,"10":30,"11":1,"12":1,"13":1,"14":1,"16":30,"17":30,"18":30,"19":30,"20":30,"21":30,"22":30,"24":30,"26":30,"27":4,"28":4,"29":4,"30":4,"31":4,"32":4,"33":4,"34":4,"35":4,"36":4,"37":4,"38":4,"40":30,"43":30,"44":1},"branchMap":{"0":{"type":"branch","line":3,"loc":{"start":{"line":3,"column":0},"end":{"line":44,"column":1}},"locations":[{"start":{"line":3,"column":0},"end":{"line":44,"column":1}}]},"1":{"type":"branch","line":27,"loc":{"start":{"line":27,"column":9},"end":{"line":39,"column":18}},"locations":[{"start":{"line":27,"column":9},"end":{"line":39,"column":18}}]},"2":{"type":"branch","line":7,"loc":{"start":{"line":7,"column":26},"end":{"line":9,"column":5}},"locations":[{"start":{"line":7,"column":26},"end":{"line":9,"column":5}}]},"3":{"type":"branch","line":11,"loc":{"start":{"line":11,"column":25},"end":{"line":15,"column":6}},"locations":[{"start":{"line":11,"column":25},"end":{"line":15,"column":6}}]},"4":{"type":"branch","line":35,"loc":{"start":{"line":35,"column":30},"end":{"line":35,"column":61}},"locations":[{"start":{"line":35,"column":30},"end":{"line":35,"column":61}}]}},"b":{"0":[30],"1":[4],"2":[4],"3":[1],"4":[1]},"fnMap":{"0":{"name":"NoteButton","decl":{"start":{"line":3,"column":0},"end":{"line":44,"column":1}},"loc":{"start":{"line":3,"column":0},"end":{"line":44,"column":1}},"line":3},"1":{"name":"handleSideBar","decl":{"start":{"line":7,"column":26},"end":{"line":9,"column":5}},"loc":{"start":{"line":7,"column":26},"end":{"line":9,"column":5}},"line":7},"2":{"name":"handlekeyDown","decl":{"start":{"line":11,"column":25},"end":{"line":15,"column":6}},"loc":{"start":{"line":11,"column":25},"end":{"line":15,"column":6}},"line":11},"3":{"name":"onChange","decl":{"start":{"line":35,"column":30},"end":{"line":35,"column":61}},"loc":{"start":{"line":35,"column":30},"end":{"line":35,"column":61}},"line":35}},"f":{"0":30,"1":4,"2":1,"3":1}}
,"C:\\Users\\mihiranw\\Desktop\\ReactTask\\react-task\\src\\component\\pregressBar\\ProgressBar.jsx": {"path":"C:\\Users\\mihiranw\\Desktop\\ReactTask\\react-task\\src\\component\\pregressBar\\ProgressBar.jsx","all":false,"statementMap":{"0":{"start":{"line":1,"column":0},"end":{"line":1,"column":28}},"2":{"start":{"line":3,"column":0},"end":{"line":3,"column":47}},"3":{"start":{"line":4,"column":0},"end":{"line":4,"column":74}},"4":{"start":{"line":5,"column":0},"end":{"line":5,"column":92}},"6":{"start":{"line":7,"column":0},"end":{"line":7,"column":11}},"7":{"start":{"line":8,"column":0},"end":{"line":8,"column":10}},"8":{"start":{"line":9,"column":0},"end":{"line":9,"column":50}},"10":{"start":{"line":11,"column":0},"end":{"line":11,"column":46}},"12":{"start":{"line":13,"column":0},"end":{"line":13,"column":94}},"13":{"start":{"line":14,"column":0},"end":{"line":14,"column":22}},"14":{"start":{"line":15,"column":0},"end":{"line":15,"column":21}},"16":{"start":{"line":17,"column":0},"end":{"line":17,"column":48}},"17":{"start":{"line":18,"column":0},"end":{"line":18,"column":22}},"19":{"start":{"line":20,"column":0},"end":{"line":20,"column":18}},"20":{"start":{"line":21,"column":0},"end":{"line":21,"column":11}},"22":{"start":{"line":23,"column":0},"end":{"line":23,"column":1}},"24":{"start":{"line":25,"column":0},"end":{"line":25,"column":26}}},"s":{"0":21,"2":21,"3":21,"4":21,"6":21,"7":21,"8":21,"10":21,"12":21,"13":21,"14":21,"16":21,"17":21,"19":21,"20":21,"22":21,"24":1},"branchMap":{"0":{"type":"branch","line":1,"loc":{"start":{"line":1,"column":0},"end":{"line":23,"column":1}},"locations":[{"start":{"line":1,"column":0},"end":{"line":23,"column":1}}]},"1":{"type":"branch","line":5,"loc":{"start":{"line":5,"column":36},"end":{"line":5,"column":44}},"locations":[{"start":{"line":5,"column":36},"end":{"line":5,"column":44}}]},"2":{"type":"branch","line":5,"loc":{"start":{"line":5,"column":40},"end":{"line":5,"column":92}},"locations":[{"start":{"line":5,"column":40},"end":{"line":5,"column":92}}]},"3":{"type":"branch","line":4,"loc":{"start":{"line":4,"column":51},"end":{"line":4,"column":65}},"locations":[{"start":{"line":4,"column":51},"end":{"line":4,"column":65}}]}},"b":{"0":[21],"1":[1],"2":[20],"3":[9]},"fnMap":{"0":{"name":"ProgressBar","decl":{"start":{"line":1,"column":0},"end":{"line":23,"column":1}},"loc":{"start":{"line":1,"column":0},"end":{"line":23,"column":1}},"line":1}},"f":{"0":21}}
,"C:\\Users\\mihiranw\\Desktop\\ReactTask\\react-task\\src\\component\\removeButton\\RemoveButton.jsx": {"path":"C:\\Users\\mihiranw\\Desktop\\ReactTask\\react-task\\src\\component\\removeButton\\RemoveButton.jsx","all":false,"statementMap":{"0":{"start":{"line":1,"column":0},"end":{"line":1,"column":29}},"1":{"start":{"line":2,"column":0},"end":{"line":2,"column":11}},"2":{"start":{"line":3,"column":0},"end":{"line":3,"column":15}},"3":{"start":{"line":4,"column":0},"end":{"line":4,"column":37}},"4":{"start":{"line":5,"column":0},"end":{"line":5,"column":59}},"5":{"start":{"line":6,"column":0},"end":{"line":6,"column":25}},"6":{"start":{"line":7,"column":0},"end":{"line":7,"column":9}},"8":{"start":{"line":9,"column":0},"end":{"line":9,"column":17}},"10":{"start":{"line":11,"column":0},"end":{"line":11,"column":1}},"12":{"start":{"line":13,"column":0},"end":{"line":13,"column":28}}},"s":{"0":22,"1":22,"2":22,"3":22,"4":22,"5":22,"6":22,"8":22,"10":22,"12":1},"branchMap":{"0":{"type":"branch","line":1,"loc":{"start":{"line":1,"column":0},"end":{"line":11,"column":1}},"locations":[{"start":{"line":1,"column":0},"end":{"line":11,"column":1}}]},"1":{"type":"branch","line":5,"loc":{"start":{"line":5,"column":21},"end":{"line":5,"column":59}},"locations":[{"start":{"line":5,"column":21},"end":{"line":5,"column":59}}]}},"b":{"0":[22],"1":[2]},"fnMap":{"0":{"name":"RemoveButton","decl":{"start":{"line":1,"column":0},"end":{"line":11,"column":1}},"loc":{"start":{"line":1,"column":0},"end":{"line":11,"column":1}},"line":1},"1":{"name":"onClick","decl":{"start":{"line":5,"column":21},"end":{"line":5,"column":59}},"loc":{"start":{"line":5,"column":21},"end":{"line":5,"column":59}},"line":5}},"f":{"0":22,"1":2}}
,"C:\\Users\\mihiranw\\Desktop\\ReactTask\\react-task\\src\\component\\title\\Title.jsx": {"path":"C:\\Users\\mihiranw\\Desktop\\ReactTask\\react-task\\src\\component\\title\\Title.jsx","all":false,"statementMap":{"0":{"start":{"line":1,"column":0},"end":{"line":1,"column":17}},"1":{"start":{"line":2,"column":0},"end":{"line":2,"column":11}},"2":{"start":{"line":3,"column":0},"end":{"line":3,"column":31}},"3":{"start":{"line":4,"column":0},"end":{"line":4,"column":30}},"4":{"start":{"line":5,"column":0},"end":{"line":5,"column":14}},"6":{"start":{"line":7,"column":0},"end":{"line":7,"column":1}},"8":{"start":{"line":9,"column":0},"end":{"line":9,"column":20}}},"s":{"0":5,"1":5,"2":5,"3":5,"4":5,"6":5,"8":1},"branchMap":{"0":{"type":"branch","line":1,"loc":{"start":{"line":1,"column":0},"end":{"line":7,"column":1}},"locations":[{"start":{"line":1,"column":0},"end":{"line":7,"column":1}}]}},"b":{"0":[5]},"fnMap":{"0":{"name":"Title","decl":{"start":{"line":1,"column":0},"end":{"line":7,"column":1}},"loc":{"start":{"line":1,"column":0},"end":{"line":7,"column":1}},"line":1}},"f":{"0":5}}
,"C:\\Users\\mihiranw\\Desktop\\ReactTask\\react-task\\src\\component\\userInput\\UserInput.jsx": {"path":"C:\\Users\\mihiranw\\Desktop\\ReactTask\\react-task\\src\\component\\userInput\\UserInput.jsx","all":false,"statementMap":{"0":{"start":{"line":1,"column":0},"end":{"line":1,"column":47}},"1":{"start":{"line":2,"column":0},"end":{"line":2,"column":56}},"2":{"start":{"line":3,"column":0},"end":{"line":3,"column":65}},"3":{"start":{"line":4,"column":0},"end":{"line":4,"column":53}},"4":{"start":{"line":5,"column":0},"end":{"line":5,"column":50}},"7":{"start":{"line":8,"column":0},"end":{"line":8,"column":21}},"8":{"start":{"line":9,"column":0},"end":{"line":9,"column":55}},"9":{"start":{"line":10,"column":0},"end":{"line":10,"column":52}},"10":{"start":{"line":11,"column":0},"end":{"line":11,"column":33}},"12":{"start":{"line":13,"column":0},"end":{"line":13,"column":41}},"13":{"start":{"line":14,"column":0},"end":{"line":14,"column":31}},"14":{"start":{"line":15,"column":0},"end":{"line":15,"column":51}},"15":{"start":{"line":16,"column":0},"end":{"line":16,"column":54}},"16":{"start":{"line":17,"column":0},"end":{"line":17,"column":30}},"17":{"start":{"line":18,"column":0},"end":{"line":18,"column":52}},"18":{"start":{"line":19,"column":0},"end":{"line":19,"column":61}},"19":{"start":{"line":20,"column":0},"end":{"line":20,"column":29}},"20":{"start":{"line":21,"column":0},"end":{"line":21,"column":34}},"21":{"start":{"line":22,"column":0},"end":{"line":22,"column":18}},"22":{"start":{"line":23,"column":0},"end":{"line":23,"column":19}},"23":{"start":{"line":24,"column":0},"end":{"line":24,"column":9}},"24":{"start":{"line":25,"column":0},"end":{"line":25,"column":16}},"26":{"start":{"line":27,"column":0},"end":{"line":27,"column":38}},"27":{"start":{"line":28,"column":0},"end":{"line":28,"column":38}},"28":{"start":{"line":29,"column":0},"end":{"line":29,"column":39}},"29":{"start":{"line":30,"column":0},"end":{"line":30,"column":30}},"30":{"start":{"line":31,"column":0},"end":{"line":31,"column":6}},"32":{"start":{"line":33,"column":0},"end":{"line":33,"column":45}},"33":{"start":{"line":34,"column":0},"end":{"line":34,"column":84}},"34":{"start":{"line":35,"column":0},"end":{"line":35,"column":89}},"35":{"start":{"line":36,"column":0},"end":{"line":36,"column":35}},"36":{"start":{"line":37,"column":0},"end":{"line":37,"column":39}},"37":{"start":{"line":38,"column":0},"end":{"line":38,"column":6}},"39":{"start":{"line":40,"column":0},"end":{"line":40,"column":40}},"40":{"start":{"line":41,"column":0},"end":{"line":41,"column":42}},"41":{"start":{"line":42,"column":0},"end":{"line":42,"column":46}},"42":{"start":{"line":43,"column":0},"end":{"line":43,"column":53}},"43":{"start":{"line":44,"column":0},"end":{"line":44,"column":37}},"44":{"start":{"line":45,"column":0},"end":{"line":45,"column":7}},"45":{"start":{"line":46,"column":0},"end":{"line":46,"column":6}},"48":{"start":{"line":49,"column":0},"end":{"line":49,"column":11}},"49":{"start":{"line":50,"column":0},"end":{"line":50,"column":8}},"50":{"start":{"line":51,"column":0},"end":{"line":51,"column":70}},"52":{"start":{"line":53,"column":0},"end":{"line":53,"column":42}},"53":{"start":{"line":54,"column":0},"end":{"line":54,"column":53}},"54":{"start":{"line":55,"column":0},"end":{"line":55,"column":45}},"55":{"start":{"line":56,"column":0},"end":{"line":56,"column":63}},"56":{"start":{"line":57,"column":0},"end":{"line":57,"column":20}},"57":{"start":{"line":58,"column":0},"end":{"line":58,"column":27}},"58":{"start":{"line":59,"column":0},"end":{"line":59,"column":28}},"59":{"start":{"line":60,"column":0},"end":{"line":60,"column":57}},"60":{"start":{"line":61,"column":0},"end":{"line":61,"column":41}},"61":{"start":{"line":62,"column":0},"end":{"line":62,"column":61}},"62":{"start":{"line":63,"column":0},"end":{"line":63,"column":59}},"63":{"start":{"line":64,"column":0},"end":{"line":64,"column":16}},"64":{"start":{"line":65,"column":0},"end":{"line":65,"column":72}},"65":{"start":{"line":66,"column":0},"end":{"line":66,"column":81}},"66":{"start":{"line":67,"column":0},"end":{"line":67,"column":27}},"67":{"start":{"line":68,"column":0},"end":{"line":68,"column":18}},"68":{"start":{"line":69,"column":0},"end":{"line":69,"column":16}},"69":{"start":{"line":70,"column":0},"end":{"line":70,"column":11}},"70":{"start":{"line":71,"column":0},"end":{"line":71,"column":11}},"72":{"start":{"line":73,"column":0},"end":{"line":73,"column":2}},"74":{"start":{"line":75,"column":0},"end":{"line":75,"column":25}}},"s":{"0":1,"1":1,"2":1,"3":1,"4":1,"7":18,"8":18,"9":18,"10":18,"12":18,"13":2,"14":2,"15":2,"16":2,"17":2,"18":2,"19":2,"20":0,"21":0,"22":2,"23":2,"24":2,"26":18,"27":3,"28":3,"29":3,"30":3,"32":18,"33":1,"34":1,"35":1,"36":1,"37":1,"39":18,"40":1,"41":1,"42":1,"43":1,"44":1,"45":1,"48":18,"49":18,"50":18,"52":18,"53":20,"54":20,"55":20,"56":20,"57":20,"58":20,"59":20,"60":20,"61":20,"62":20,"63":20,"64":20,"65":20,"66":20,"67":20,"68":20,"69":18,"70":18,"72":1,"74":1},"branchMap":{"0":{"type":"branch","line":8,"loc":{"start":{"line":8,"column":0},"end":{"line":73,"column":1}},"locations":[{"start":{"line":8,"column":0},"end":{"line":73,"column":1}}]},"1":{"type":"branch","line":13,"loc":{"start":{"line":13,"column":25},"end":{"line":25,"column":16}},"locations":[{"start":{"line":13,"column":25},"end":{"line":25,"column":16}}]},"2":{"type":"branch","line":15,"loc":{"start":{"line":15,"column":26},"end":{"line":15,"column":49}},"locations":[{"start":{"line":15,"column":26},"end":{"line":15,"column":49}}]},"3":{"type":"branch","line":16,"loc":{"start":{"line":16,"column":26},"end":{"line":16,"column":52}},"locations":[{"start":{"line":16,"column":26},"end":{"line":16,"column":52}}]},"4":{"type":"branch","line":17,"loc":{"start":{"line":17,"column":23},"end":{"line":23,"column":15}},"locations":[{"start":{"line":17,"column":23},"end":{"line":23,"column":15}}]},"5":{"type":"branch","line":20,"loc":{"start":{"line":20,"column":28},"end":{"line":22,"column":18}},"locations":[{"start":{"line":20,"column":28},"end":{"line":22,"column":18}}]},"6":{"type":"branch","line":27,"loc":{"start":{"line":27,"column":24},"end":{"line":31,"column":6}},"locations":[{"start":{"line":27,"column":24},"end":{"line":31,"column":6}}]},"7":{"type":"branch","line":33,"loc":{"start":{"line":33,"column":25},"end":{"line":38,"column":6}},"locations":[{"start":{"line":33,"column":25},"end":{"line":38,"column":6}}]},"8":{"type":"branch","line":34,"loc":{"start":{"line":34,"column":46},"end":{"line":34,"column":82}},"locations":[{"start":{"line":34,"column":46},"end":{"line":34,"column":82}}]},"9":{"type":"branch","line":35,"loc":{"start":{"line":35,"column":50},"end":{"line":35,"column":87}},"locations":[{"start":{"line":35,"column":50},"end":{"line":35,"column":87}}]},"10":{"type":"branch","line":40,"loc":{"start":{"line":40,"column":28},"end":{"line":46,"column":6}},"locations":[{"start":{"line":40,"column":28},"end":{"line":46,"column":6}}]},"11":{"type":"branch","line":53,"loc":{"start":{"line":53,"column":24},"end":{"line":69,"column":16}},"locations":[{"start":{"line":53,"column":24},"end":{"line":69,"column":16}}]},"12":{"type":"branch","line":63,"loc":{"start":{"line":63,"column":43},"end":{"line":63,"column":56}},"locations":[{"start":{"line":63,"column":43},"end":{"line":63,"column":56}}]},"13":{"type":"branch","line":63,"loc":{"start":{"line":63,"column":47},"end":{"line":63,"column":59}},"locations":[{"start":{"line":63,"column":47},"end":{"line":63,"column":59}}]},"14":{"type":"branch","line":60,"loc":{"start":{"line":60,"column":26},"end":{"line":60,"column":57}},"locations":[{"start":{"line":60,"column":26},"end":{"line":60,"column":57}}]},"15":{"type":"branch","line":62,"loc":{"start":{"line":62,"column":21},"end":{"line":62,"column":61}},"locations":[{"start":{"line":62,"column":21},"end":{"line":62,"column":61}}]}},"b":{"0":[18],"1":[2],"2":[2],"3":[2],"4":[2],"5":[0],"6":[3],"7":[1],"8":[2],"9":[1],"10":[1],"11":[20],"12":[1],"13":[19],"14":[3],"15":[40]},"fnMap":{"0":{"name":"UserInput","decl":{"start":{"line":8,"column":0},"end":{"line":73,"column":1}},"loc":{"start":{"line":8,"column":0},"end":{"line":73,"column":1}},"line":8},"1":{"name":"handlekeyDown","decl":{"start":{"line":13,"column":25},"end":{"line":25,"column":16}},"loc":{"start":{"line":13,"column":25},"end":{"line":25,"column":16}},"line":13},"2":{"name":"handleChange","decl":{"start":{"line":27,"column":24},"end":{"line":31,"column":6}},"loc":{"start":{"line":27,"column":24},"end":{"line":31,"column":6}},"line":27},"3":{"name":"handleRemove","decl":{"start":{"line":33,"column":25},"end":{"line":38,"column":6}},"loc":{"start":{"line":33,"column":25},"end":{"line":38,"column":6}},"line":33},"4":{"name":"handleCheckmark","decl":{"start":{"line":40,"column":28},"end":{"line":46,"column":6}},"loc":{"start":{"line":40,"column":28},"end":{"line":46,"column":6}},"line":40},"5":{"name":"onChange","decl":{"start":{"line":60,"column":26},"end":{"line":60,"column":57}},"loc":{"start":{"line":60,"column":26},"end":{"line":60,"column":57}},"line":60},"6":{"name":"ref","decl":{"start":{"line":62,"column":21},"end":{"line":62,"column":61}},"loc":{"start":{"line":62,"column":21},"end":{"line":62,"column":61}},"line":62}},"f":{"0":18,"1":2,"2":3,"3":1,"4":1,"5":3,"6":40}}
,"C:\\Users\\mihiranw\\Desktop\\ReactTask\\react-task\\src\\pages\\home\\Home.jsx": {"path":"C:\\Users\\mihiranw\\Desktop\\ReactTask\\react-task\\src\\pages\\home\\Home.jsx","all":false,"statementMap":{"0":{"start":{"line":1,"column":0},"end":{"line":1,"column":60}},"1":{"start":{"line":2,"column":0},"end":{"line":2,"column":48}},"2":{"start":{"line":3,"column":0},"end":{"line":3,"column":51}},"4":{"start":{"line":5,"column":0},"end":{"line":5,"column":17}},"5":{"start":{"line":6,"column":0},"end":{"line":6,"column":11}},"6":{"start":{"line":7,"column":0},"end":{"line":7,"column":10}},"7":{"start":{"line":8,"column":0},"end":{"line":8,"column":20}},"8":{"start":{"line":9,"column":0},"end":{"line":9,"column":24}},"9":{"start":{"line":10,"column":0},"end":{"line":10,"column":21}},"10":{"start":{"line":11,"column":0},"end":{"line":11,"column":11}},"12":{"start":{"line":13,"column":0},"end":{"line":13,"column":1}},"14":{"start":{"line":15,"column":0},"end":{"line":15,"column":20}}},"s":{"0":1,"1":1,"2":1,"4":4,"5":4,"6":4,"7":4,"8":4,"9":4,"10":4,"12":4,"14":1},"branchMap":{"0":{"type":"branch","line":5,"loc":{"start":{"line":5,"column":0},"end":{"line":13,"column":1}},"locations":[{"start":{"line":5,"column":0},"end":{"line":13,"column":1}}]}},"b":{"0":[4]},"fnMap":{"0":{"name":"Home","decl":{"start":{"line":5,"column":0},"end":{"line":13,"column":1}},"loc":{"start":{"line":5,"column":0},"end":{"line":13,"column":1}},"line":5}},"f":{"0":4}}
}
